2025-12-07 11:40:36,718 - data_extraction - INFO - ======================================================================
2025-12-07 11:40:36,719 - data_extraction - INFO - FETCHING RIDERSHIP: 2023-01-01 to 2024-12-31
2025-12-07 11:40:36,719 - data_extraction - INFO - Strategy: Fetch day-by-day to avoid API limits
2025-12-07 11:40:36,719 - data_extraction - INFO - ======================================================================
2025-12-07 11:40:36,719 - data_extraction - INFO - Will fetch 731 days, ~820 records per day
2025-12-07 11:40:37,810 - data_extraction - INFO - Week 2023-01-01 to 2023-01-07: 5740 records | Total: 5740
2025-12-07 11:40:38,928 - data_extraction - INFO - Week 2023-01-08 to 2023-01-14: 5740 records | Total: 11480
2025-12-07 11:40:40,186 - data_extraction - INFO - Week 2023-01-15 to 2023-01-21: 5740 records | Total: 17220
2025-12-07 11:40:41,325 - data_extraction - INFO - Week 2023-01-22 to 2023-01-28: 5740 records | Total: 22960
2025-12-07 11:40:42,446 - data_extraction - INFO - Week 2023-01-29 to 2023-02-04: 5740 records | Total: 28700
2025-12-07 11:40:43,922 - data_extraction - INFO - Week 2023-02-05 to 2023-02-11: 5740 records | Total: 34440
2025-12-07 11:40:45,187 - data_extraction - INFO - Week 2023-02-12 to 2023-02-18: 5740 records | Total: 40180
2025-12-07 11:40:46,379 - data_extraction - INFO - Week 2023-02-19 to 2023-02-25: 5740 records | Total: 45920
2025-12-07 11:40:47,537 - data_extraction - INFO - Week 2023-02-26 to 2023-03-04: 5740 records | Total: 51660
2025-12-07 11:40:48,667 - data_extraction - INFO - Week 2023-03-05 to 2023-03-11: 5740 records | Total: 57400
2025-12-07 11:40:49,816 - data_extraction - INFO - Week 2023-03-12 to 2023-03-18: 5740 records | Total: 63140
2025-12-07 11:40:50,964 - data_extraction - INFO - Week 2023-03-19 to 2023-03-25: 5740 records | Total: 68880
2025-12-07 11:40:52,347 - data_extraction - INFO - Week 2023-03-26 to 2023-04-01: 5740 records | Total: 74620
2025-12-07 11:40:53,454 - data_extraction - INFO - Week 2023-04-02 to 2023-04-08: 5740 records | Total: 80360
2025-12-07 11:40:54,596 - data_extraction - INFO - Week 2023-04-09 to 2023-04-15: 5740 records | Total: 86100
2025-12-07 11:40:55,822 - data_extraction - INFO - Week 2023-04-16 to 2023-04-22: 5740 records | Total: 91840
2025-12-07 11:40:57,010 - data_extraction - INFO - Week 2023-04-23 to 2023-04-29: 5740 records | Total: 97580
2025-12-07 11:40:58,164 - data_extraction - INFO - Week 2023-04-30 to 2023-05-06: 5740 records | Total: 103320
2025-12-07 11:40:59,321 - data_extraction - INFO - Week 2023-05-07 to 2023-05-13: 5740 records | Total: 109060
2025-12-07 11:41:00,446 - data_extraction - INFO - Week 2023-05-14 to 2023-05-20: 5740 records | Total: 114800
2025-12-07 11:41:01,537 - data_extraction - INFO - Week 2023-05-21 to 2023-05-27: 5740 records | Total: 120540
2025-12-07 11:41:02,709 - data_extraction - INFO - Week 2023-05-28 to 2023-06-03: 5740 records | Total: 126280
2025-12-07 11:41:03,962 - data_extraction - INFO - Week 2023-06-04 to 2023-06-10: 5740 records | Total: 132020
2025-12-07 11:41:05,081 - data_extraction - INFO - Week 2023-06-11 to 2023-06-17: 5740 records | Total: 137760
2025-12-07 11:41:06,197 - data_extraction - INFO - Week 2023-06-18 to 2023-06-24: 5740 records | Total: 143500
2025-12-07 11:41:07,330 - data_extraction - INFO - Week 2023-06-25 to 2023-07-01: 5740 records | Total: 149240
2025-12-07 11:41:08,416 - data_extraction - INFO - Week 2023-07-02 to 2023-07-08: 5740 records | Total: 154980
2025-12-07 11:41:09,560 - data_extraction - INFO - Week 2023-07-09 to 2023-07-15: 5740 records | Total: 160720
2025-12-07 11:41:10,698 - data_extraction - INFO - Week 2023-07-16 to 2023-07-22: 5740 records | Total: 166460
2025-12-07 11:41:11,864 - data_extraction - INFO - Week 2023-07-23 to 2023-07-29: 5740 records | Total: 172200
2025-12-07 11:41:13,003 - data_extraction - INFO - Week 2023-07-30 to 2023-08-05: 5740 records | Total: 177940
2025-12-07 11:41:14,148 - data_extraction - INFO - Week 2023-08-06 to 2023-08-12: 5740 records | Total: 183680
2025-12-07 11:41:15,263 - data_extraction - INFO - Week 2023-08-13 to 2023-08-19: 5740 records | Total: 189420
2025-12-07 11:41:16,416 - data_extraction - INFO - Week 2023-08-20 to 2023-08-26: 5740 records | Total: 195160
2025-12-07 11:41:17,623 - data_extraction - INFO - Week 2023-08-27 to 2023-09-02: 5740 records | Total: 200900
2025-12-07 11:41:18,949 - data_extraction - INFO - Week 2023-09-03 to 2023-09-09: 5740 records | Total: 206640
2025-12-07 11:41:20,250 - data_extraction - INFO - Week 2023-09-10 to 2023-09-16: 5740 records | Total: 212380
2025-12-07 11:41:21,332 - data_extraction - INFO - Week 2023-09-17 to 2023-09-23: 5740 records | Total: 218120
2025-12-07 11:41:22,469 - data_extraction - INFO - Week 2023-09-24 to 2023-09-30: 5740 records | Total: 223860
2025-12-07 11:41:23,603 - data_extraction - INFO - Week 2023-10-01 to 2023-10-07: 5740 records | Total: 229600
2025-12-07 11:41:24,740 - data_extraction - INFO - Week 2023-10-08 to 2023-10-14: 5740 records | Total: 235340
2025-12-07 11:41:25,826 - data_extraction - INFO - Week 2023-10-15 to 2023-10-21: 5740 records | Total: 241080
2025-12-07 11:41:26,898 - data_extraction - INFO - Week 2023-10-22 to 2023-10-28: 5740 records | Total: 246820
2025-12-07 11:41:27,990 - data_extraction - INFO - Week 2023-10-29 to 2023-11-04: 5740 records | Total: 252560
2025-12-07 11:41:29,181 - data_extraction - INFO - Week 2023-11-05 to 2023-11-11: 5740 records | Total: 258300
2025-12-07 11:41:30,286 - data_extraction - INFO - Week 2023-11-12 to 2023-11-18: 5740 records | Total: 264040
2025-12-07 11:41:31,371 - data_extraction - INFO - Week 2023-11-19 to 2023-11-25: 5740 records | Total: 269780
2025-12-07 11:41:32,493 - data_extraction - INFO - Week 2023-11-26 to 2023-12-02: 5740 records | Total: 275520
2025-12-07 11:41:33,555 - data_extraction - INFO - Week 2023-12-03 to 2023-12-09: 5740 records | Total: 281260
2025-12-07 11:41:34,683 - data_extraction - INFO - Week 2023-12-10 to 2023-12-16: 5740 records | Total: 287000
2025-12-07 11:41:35,806 - data_extraction - INFO - Week 2023-12-17 to 2023-12-23: 5740 records | Total: 292740
2025-12-07 11:41:37,101 - data_extraction - INFO - Week 2023-12-24 to 2023-12-30: 5740 records | Total: 298480
2025-12-07 11:41:38,464 - data_extraction - INFO - Week 2023-12-31 to 2024-01-06: 5740 records | Total: 304220
2025-12-07 11:41:39,664 - data_extraction - INFO - Week 2024-01-07 to 2024-01-13: 5740 records | Total: 309960
2025-12-07 11:41:40,874 - data_extraction - INFO - Week 2024-01-14 to 2024-01-20: 5740 records | Total: 315700
2025-12-07 11:41:42,196 - data_extraction - INFO - Week 2024-01-21 to 2024-01-27: 5740 records | Total: 321440
2025-12-07 11:41:43,291 - data_extraction - INFO - Week 2024-01-28 to 2024-02-03: 5740 records | Total: 327180
2025-12-07 11:41:44,404 - data_extraction - INFO - Week 2024-02-04 to 2024-02-10: 5740 records | Total: 332920
2025-12-07 11:41:45,485 - data_extraction - INFO - Week 2024-02-11 to 2024-02-17: 5740 records | Total: 338660
2025-12-07 11:41:46,619 - data_extraction - INFO - Week 2024-02-18 to 2024-02-24: 5740 records | Total: 344400
2025-12-07 11:41:47,733 - data_extraction - INFO - Week 2024-02-25 to 2024-03-02: 5740 records | Total: 350140
2025-12-07 11:41:48,821 - data_extraction - INFO - Week 2024-03-03 to 2024-03-09: 5740 records | Total: 355880
2025-12-07 11:41:49,953 - data_extraction - INFO - Week 2024-03-10 to 2024-03-16: 5740 records | Total: 361620
2025-12-07 11:41:51,149 - data_extraction - INFO - Week 2024-03-17 to 2024-03-23: 5740 records | Total: 367360
2025-12-07 11:41:52,292 - data_extraction - INFO - Week 2024-03-24 to 2024-03-30: 5740 records | Total: 373100
2025-12-07 11:41:53,382 - data_extraction - INFO - Week 2024-03-31 to 2024-04-06: 5740 records | Total: 378840
2025-12-07 11:41:54,499 - data_extraction - INFO - Week 2024-04-07 to 2024-04-13: 5740 records | Total: 384580
2025-12-07 11:41:55,699 - data_extraction - INFO - Week 2024-04-14 to 2024-04-20: 5740 records | Total: 390320
2025-12-07 11:41:57,065 - data_extraction - INFO - Week 2024-04-21 to 2024-04-27: 5740 records | Total: 396060
2025-12-07 11:41:58,190 - data_extraction - INFO - Week 2024-04-28 to 2024-05-04: 5740 records | Total: 401800
2025-12-07 11:41:59,334 - data_extraction - INFO - Week 2024-05-05 to 2024-05-11: 5740 records | Total: 407540
2025-12-07 11:42:00,509 - data_extraction - INFO - Week 2024-05-12 to 2024-05-18: 5740 records | Total: 413280
2025-12-07 11:42:01,642 - data_extraction - INFO - Week 2024-05-19 to 2024-05-25: 5740 records | Total: 419020
2025-12-07 11:42:02,753 - data_extraction - INFO - Week 2024-05-26 to 2024-06-01: 5740 records | Total: 424760
2025-12-07 11:42:03,866 - data_extraction - INFO - Week 2024-06-02 to 2024-06-08: 5740 records | Total: 430500
2025-12-07 11:42:04,946 - data_extraction - INFO - Week 2024-06-09 to 2024-06-15: 5740 records | Total: 436240
2025-12-07 11:42:06,174 - data_extraction - INFO - Week 2024-06-16 to 2024-06-22: 5740 records | Total: 441980
2025-12-07 11:42:07,353 - data_extraction - INFO - Week 2024-06-23 to 2024-06-29: 5740 records | Total: 447720
2025-12-07 11:42:08,436 - data_extraction - INFO - Week 2024-06-30 to 2024-07-06: 5740 records | Total: 453460
2025-12-07 11:42:09,709 - data_extraction - INFO - Week 2024-07-07 to 2024-07-13: 5740 records | Total: 459200
2025-12-07 11:42:10,840 - data_extraction - INFO - Week 2024-07-14 to 2024-07-20: 5740 records | Total: 464940
2025-12-07 11:42:11,954 - data_extraction - INFO - Week 2024-07-21 to 2024-07-27: 5740 records | Total: 470680
2025-12-07 11:42:13,065 - data_extraction - INFO - Week 2024-07-28 to 2024-08-03: 5740 records | Total: 476420
2025-12-07 11:42:14,270 - data_extraction - INFO - Week 2024-08-04 to 2024-08-10: 5740 records | Total: 482160
2025-12-07 11:42:15,510 - data_extraction - INFO - Week 2024-08-11 to 2024-08-17: 5740 records | Total: 487900
2025-12-07 11:42:16,599 - data_extraction - INFO - Week 2024-08-18 to 2024-08-24: 5740 records | Total: 493640
2025-12-07 11:42:17,889 - data_extraction - INFO - Week 2024-08-25 to 2024-08-31: 5740 records | Total: 499380
2025-12-07 11:42:19,009 - data_extraction - INFO - Week 2024-09-01 to 2024-09-07: 5740 records | Total: 505120
2025-12-07 11:42:20,189 - data_extraction - INFO - Week 2024-09-08 to 2024-09-14: 5740 records | Total: 510860
2025-12-07 11:42:21,412 - data_extraction - INFO - Week 2024-09-15 to 2024-09-21: 5740 records | Total: 516600
2025-12-07 11:42:22,503 - data_extraction - INFO - Week 2024-09-22 to 2024-09-28: 5740 records | Total: 522340
2025-12-07 11:42:23,642 - data_extraction - INFO - Week 2024-09-29 to 2024-10-05: 5740 records | Total: 528080
2025-12-07 11:42:24,769 - data_extraction - INFO - Week 2024-10-06 to 2024-10-12: 5740 records | Total: 533820
2025-12-07 11:42:25,881 - data_extraction - INFO - Week 2024-10-13 to 2024-10-19: 5740 records | Total: 539560
2025-12-07 11:42:27,020 - data_extraction - INFO - Week 2024-10-20 to 2024-10-26: 5740 records | Total: 545300
2025-12-07 11:42:28,156 - data_extraction - INFO - Week 2024-10-27 to 2024-11-02: 5740 records | Total: 551040
2025-12-07 11:42:29,289 - data_extraction - INFO - Week 2024-11-03 to 2024-11-09: 5740 records | Total: 556780
2025-12-07 11:42:30,399 - data_extraction - INFO - Week 2024-11-10 to 2024-11-16: 5740 records | Total: 562520
2025-12-07 11:42:31,576 - data_extraction - INFO - Week 2024-11-17 to 2024-11-23: 5740 records | Total: 568260
2025-12-07 11:42:32,724 - data_extraction - INFO - Week 2024-11-24 to 2024-11-30: 5740 records | Total: 574000
2025-12-07 11:42:33,898 - data_extraction - INFO - Week 2024-12-01 to 2024-12-07: 5740 records | Total: 579740
2025-12-07 11:42:35,005 - data_extraction - INFO - Week 2024-12-08 to 2024-12-14: 5740 records | Total: 585480
2025-12-07 11:42:36,135 - data_extraction - INFO - Week 2024-12-15 to 2024-12-21: 5740 records | Total: 591220
2025-12-07 11:42:37,247 - data_extraction - INFO - Week 2024-12-22 to 2024-12-28: 5740 records | Total: 596960
2025-12-07 11:42:38,394 - data_extraction - INFO - Week 2024-12-29 to 2024-12-31: 5740 records | Total: 602700
2025-12-07 11:42:38,395 - data_extraction - INFO - Reached target of 600000
2025-12-07 11:42:38,402 - data_extraction - INFO - TOTAL FETCHED: 600000 records
2025-12-07 11:42:39,272 - data_extraction - INFO - Final: 600000 records from 2023-01-07 23:00:00 to 2024-12-31 23:00:00
2025-12-07 11:42:40,014 - data_extraction - INFO - Weather: 731 records from 2023-01-01 to 2024-12-31
2025-12-07 11:42:40,015 - data_transformation - INFO - ============================================================
2025-12-07 11:42:40,015 - data_transformation - INFO - STARTING DATA TRANSFORMATION AND MERGE
2025-12-07 11:42:40,015 - data_transformation - INFO - ============================================================
2025-12-07 11:42:40,015 - data_transformation - INFO - Validating ridership data quality...
2025-12-07 11:42:40,015 - data_transformation - INFO - Running schema validation...
2025-12-07 11:42:40,015 - data_transformation - INFO - Checking for null values...
2025-12-07 11:42:40,187 - data_transformation - INFO - Checking for duplicates (full row)...
2025-12-07 11:42:40,447 - data_transformation - INFO - Date range: 2023-01-07 23:00:00 to 2024-12-31 23:00:00
2025-12-07 11:42:40,457 - data_transformation - INFO - ridership: 5810 potential outliers detected
2025-12-07 11:42:40,463 - data_transformation - INFO - transfers: 5221 potential outliers detected
2025-12-07 11:42:40,463 - data_transformation - INFO - Quality validation complete: 100.00% data retained
2025-12-07 11:42:40,464 - data_transformation - INFO - Status: PASSED
2025-12-07 11:42:40,464 - data_transformation - INFO - Validating weather data quality...
2025-12-07 11:42:40,464 - data_transformation - INFO - Running schema validation...
2025-12-07 11:42:40,464 - data_transformation - INFO - Checking for null values...
2025-12-07 11:42:40,465 - data_transformation - INFO - Checking for duplicates (full row)...
2025-12-07 11:42:40,466 - data_transformation - INFO - Date range: 2023-01-01 00:00:00 to 2024-12-31 00:00:00
2025-12-07 11:42:40,468 - data_transformation - INFO - temperature_mean: 16 potential outliers detected
2025-12-07 11:42:40,470 - data_transformation - INFO - precipitation: 8 potential outliers detected
2025-12-07 11:42:40,471 - data_transformation - INFO - windspeed: 16 potential outliers detected
2025-12-07 11:42:40,472 - data_transformation - INFO - Quality validation complete: 100.00% data retained
2025-12-07 11:42:40,472 - data_transformation - INFO - Status: PASSED
2025-12-07 11:42:40,780 - data_transformation - INFO - Adding derived features...
2025-12-07 11:42:40,797 - data_transformation - INFO - ✅ Converted temperature: 12.6°C → 54.8°F
2025-12-07 11:42:40,800 - data_transformation - INFO - ✅ Converted precipitation: 6.07mm → 0.24in
2025-12-07 11:42:40,804 - data_transformation - INFO - ✅ Converted windspeed: 21.5m/s → 48.0mph
2025-12-07 11:42:40,993 - data_transformation - INFO - ✅ Added 27 total features
2025-12-07 11:42:41,354 - data_transformation - INFO - ============================================================
2025-12-07 11:42:41,355 - data_transformation - INFO - TRANSFORMATION COMPLETE
2025-12-07 11:42:41,355 - data_transformation - INFO - Final dataset: 600000 rows × 30 columns
2025-12-07 11:42:41,355 - data_transformation - INFO - Final quality score: 100.00%
2025-12-07 11:42:41,356 - data_transformation - INFO - Temperature range: 15.1°F to 82.4°F
2025-12-07 11:42:41,358 - data_transformation - INFO - Precipitation range: 0.00in to 2.50in
2025-12-07 11:42:41,358 - data_transformation - INFO - ============================================================
2025-12-07 11:51:30,518 - asyncio - ERROR - Task exception was never retrieved
future: <Task finished name='Task-166' coro=<WebSocketProtocol13.write_message.<locals>.wrapper() done, defined at C:\Users\megan\AppData\Roaming\Python\Python313\site-packages\tornado\websocket.py:1111> exception=WebSocketClosedError()>
Traceback (most recent call last):
  File "C:\Users\megan\AppData\Roaming\Python\Python313\site-packages\tornado\websocket.py", line 1113, in wrapper
    await fut
tornado.iostream.StreamClosedError: Stream is closed

During handling of the above exception, another exception occurred:

Traceback (most recent call last):
  File "C:\Users\megan\AppData\Roaming\Python\Python313\site-packages\tornado\websocket.py", line 1115, in wrapper
    raise WebSocketClosedError()
tornado.websocket.WebSocketClosedError
2025-12-07 11:51:30,533 - asyncio - ERROR - Task exception was never retrieved
future: <Task finished name='Task-167' coro=<WebSocketProtocol13.write_message.<locals>.wrapper() done, defined at C:\Users\megan\AppData\Roaming\Python\Python313\site-packages\tornado\websocket.py:1111> exception=WebSocketClosedError()>
Traceback (most recent call last):
  File "C:\Users\megan\AppData\Roaming\Python\Python313\site-packages\tornado\websocket.py", line 1113, in wrapper
    await fut
tornado.iostream.StreamClosedError: Stream is closed

During handling of the above exception, another exception occurred:

Traceback (most recent call last):
  File "C:\Users\megan\AppData\Roaming\Python\Python313\site-packages\tornado\websocket.py", line 1115, in wrapper
    raise WebSocketClosedError()
tornado.websocket.WebSocketClosedError
2025-12-07 11:51:30,534 - asyncio - ERROR - Task exception was never retrieved
future: <Task finished name='Task-170' coro=<WebSocketProtocol13.write_message.<locals>.wrapper() done, defined at C:\Users\megan\AppData\Roaming\Python\Python313\site-packages\tornado\websocket.py:1111> exception=WebSocketClosedError()>
Traceback (most recent call last):
  File "C:\Users\megan\AppData\Roaming\Python\Python313\site-packages\tornado\websocket.py", line 1113, in wrapper
    await fut
tornado.iostream.StreamClosedError: Stream is closed

During handling of the above exception, another exception occurred:

Traceback (most recent call last):
  File "C:\Users\megan\AppData\Roaming\Python\Python313\site-packages\tornado\websocket.py", line 1115, in wrapper
    raise WebSocketClosedError()
tornado.websocket.WebSocketClosedError
2025-12-07 11:51:30,535 - asyncio - ERROR - Task exception was never retrieved
future: <Task finished name='Task-171' coro=<WebSocketProtocol13.write_message.<locals>.wrapper() done, defined at C:\Users\megan\AppData\Roaming\Python\Python313\site-packages\tornado\websocket.py:1111> exception=WebSocketClosedError()>
Traceback (most recent call last):
  File "C:\Users\megan\AppData\Roaming\Python\Python313\site-packages\tornado\websocket.py", line 1113, in wrapper
    await fut
tornado.iostream.StreamClosedError: Stream is closed

During handling of the above exception, another exception occurred:

Traceback (most recent call last):
  File "C:\Users\megan\AppData\Roaming\Python\Python313\site-packages\tornado\websocket.py", line 1115, in wrapper
    raise WebSocketClosedError()
tornado.websocket.WebSocketClosedError
2025-12-07 11:51:30,535 - asyncio - ERROR - Task exception was never retrieved
future: <Task finished name='Task-174' coro=<WebSocketProtocol13.write_message.<locals>.wrapper() done, defined at C:\Users\megan\AppData\Roaming\Python\Python313\site-packages\tornado\websocket.py:1111> exception=WebSocketClosedError()>
Traceback (most recent call last):
  File "C:\Users\megan\AppData\Roaming\Python\Python313\site-packages\tornado\websocket.py", line 1113, in wrapper
    await fut
tornado.iostream.StreamClosedError: Stream is closed

During handling of the above exception, another exception occurred:

Traceback (most recent call last):
  File "C:\Users\megan\AppData\Roaming\Python\Python313\site-packages\tornado\websocket.py", line 1115, in wrapper
    raise WebSocketClosedError()
tornado.websocket.WebSocketClosedError
2025-12-07 11:51:30,536 - asyncio - ERROR - Task exception was never retrieved
future: <Task finished name='Task-175' coro=<WebSocketProtocol13.write_message.<locals>.wrapper() done, defined at C:\Users\megan\AppData\Roaming\Python\Python313\site-packages\tornado\websocket.py:1111> exception=WebSocketClosedError()>
Traceback (most recent call last):
  File "C:\Users\megan\AppData\Roaming\Python\Python313\site-packages\tornado\websocket.py", line 1113, in wrapper
    await fut
tornado.iostream.StreamClosedError: Stream is closed

During handling of the above exception, another exception occurred:

Traceback (most recent call last):
  File "C:\Users\megan\AppData\Roaming\Python\Python313\site-packages\tornado\websocket.py", line 1115, in wrapper
    raise WebSocketClosedError()
tornado.websocket.WebSocketClosedError
2025-12-07 11:51:30,537 - asyncio - ERROR - Task exception was never retrieved
future: <Task finished name='Task-178' coro=<WebSocketProtocol13.write_message.<locals>.wrapper() done, defined at C:\Users\megan\AppData\Roaming\Python\Python313\site-packages\tornado\websocket.py:1111> exception=WebSocketClosedError()>
Traceback (most recent call last):
  File "C:\Users\megan\AppData\Roaming\Python\Python313\site-packages\tornado\websocket.py", line 1113, in wrapper
    await fut
tornado.iostream.StreamClosedError: Stream is closed

During handling of the above exception, another exception occurred:

Traceback (most recent call last):
  File "C:\Users\megan\AppData\Roaming\Python\Python313\site-packages\tornado\websocket.py", line 1115, in wrapper
    raise WebSocketClosedError()
tornado.websocket.WebSocketClosedError
2025-12-07 11:51:30,537 - asyncio - ERROR - Task exception was never retrieved
future: <Task finished name='Task-179' coro=<WebSocketProtocol13.write_message.<locals>.wrapper() done, defined at C:\Users\megan\AppData\Roaming\Python\Python313\site-packages\tornado\websocket.py:1111> exception=WebSocketClosedError()>
Traceback (most recent call last):
  File "C:\Users\megan\AppData\Roaming\Python\Python313\site-packages\tornado\websocket.py", line 1113, in wrapper
    await fut
tornado.iostream.StreamClosedError: Stream is closed

During handling of the above exception, another exception occurred:

Traceback (most recent call last):
  File "C:\Users\megan\AppData\Roaming\Python\Python313\site-packages\tornado\websocket.py", line 1115, in wrapper
    raise WebSocketClosedError()
tornado.websocket.WebSocketClosedError
2025-12-07 11:51:30,538 - asyncio - ERROR - Task exception was never retrieved
future: <Task finished name='Task-182' coro=<WebSocketProtocol13.write_message.<locals>.wrapper() done, defined at C:\Users\megan\AppData\Roaming\Python\Python313\site-packages\tornado\websocket.py:1111> exception=WebSocketClosedError()>
Traceback (most recent call last):
  File "C:\Users\megan\AppData\Roaming\Python\Python313\site-packages\tornado\websocket.py", line 1113, in wrapper
    await fut
tornado.iostream.StreamClosedError: Stream is closed

During handling of the above exception, another exception occurred:

Traceback (most recent call last):
  File "C:\Users\megan\AppData\Roaming\Python\Python313\site-packages\tornado\websocket.py", line 1115, in wrapper
    raise WebSocketClosedError()
tornado.websocket.WebSocketClosedError
2025-12-07 11:51:30,538 - asyncio - ERROR - Task exception was never retrieved
future: <Task finished name='Task-183' coro=<WebSocketProtocol13.write_message.<locals>.wrapper() done, defined at C:\Users\megan\AppData\Roaming\Python\Python313\site-packages\tornado\websocket.py:1111> exception=WebSocketClosedError()>
Traceback (most recent call last):
  File "C:\Users\megan\AppData\Roaming\Python\Python313\site-packages\tornado\websocket.py", line 1113, in wrapper
    await fut
tornado.iostream.StreamClosedError: Stream is closed

During handling of the above exception, another exception occurred:

Traceback (most recent call last):
  File "C:\Users\megan\AppData\Roaming\Python\Python313\site-packages\tornado\websocket.py", line 1115, in wrapper
    raise WebSocketClosedError()
tornado.websocket.WebSocketClosedError
2025-12-07 11:51:30,539 - asyncio - ERROR - Task exception was never retrieved
future: <Task finished name='Task-186' coro=<WebSocketProtocol13.write_message.<locals>.wrapper() done, defined at C:\Users\megan\AppData\Roaming\Python\Python313\site-packages\tornado\websocket.py:1111> exception=WebSocketClosedError()>
Traceback (most recent call last):
  File "C:\Users\megan\AppData\Roaming\Python\Python313\site-packages\tornado\websocket.py", line 1113, in wrapper
    await fut
tornado.iostream.StreamClosedError: Stream is closed

During handling of the above exception, another exception occurred:

Traceback (most recent call last):
  File "C:\Users\megan\AppData\Roaming\Python\Python313\site-packages\tornado\websocket.py", line 1115, in wrapper
    raise WebSocketClosedError()
tornado.websocket.WebSocketClosedError
2025-12-07 11:51:30,540 - asyncio - ERROR - Task exception was never retrieved
future: <Task finished name='Task-187' coro=<WebSocketProtocol13.write_message.<locals>.wrapper() done, defined at C:\Users\megan\AppData\Roaming\Python\Python313\site-packages\tornado\websocket.py:1111> exception=WebSocketClosedError()>
Traceback (most recent call last):
  File "C:\Users\megan\AppData\Roaming\Python\Python313\site-packages\tornado\websocket.py", line 1113, in wrapper
    await fut
tornado.iostream.StreamClosedError: Stream is closed

During handling of the above exception, another exception occurred:

Traceback (most recent call last):
  File "C:\Users\megan\AppData\Roaming\Python\Python313\site-packages\tornado\websocket.py", line 1115, in wrapper
    raise WebSocketClosedError()
tornado.websocket.WebSocketClosedError
2025-12-07 11:51:30,540 - asyncio - ERROR - Task exception was never retrieved
future: <Task finished name='Task-190' coro=<WebSocketProtocol13.write_message.<locals>.wrapper() done, defined at C:\Users\megan\AppData\Roaming\Python\Python313\site-packages\tornado\websocket.py:1111> exception=WebSocketClosedError()>
Traceback (most recent call last):
  File "C:\Users\megan\AppData\Roaming\Python\Python313\site-packages\tornado\websocket.py", line 1113, in wrapper
    await fut
tornado.iostream.StreamClosedError: Stream is closed

During handling of the above exception, another exception occurred:

Traceback (most recent call last):
  File "C:\Users\megan\AppData\Roaming\Python\Python313\site-packages\tornado\websocket.py", line 1115, in wrapper
    raise WebSocketClosedError()
tornado.websocket.WebSocketClosedError
2025-12-07 11:51:30,541 - asyncio - ERROR - Task exception was never retrieved
future: <Task finished name='Task-191' coro=<WebSocketProtocol13.write_message.<locals>.wrapper() done, defined at C:\Users\megan\AppData\Roaming\Python\Python313\site-packages\tornado\websocket.py:1111> exception=WebSocketClosedError()>
Traceback (most recent call last):
  File "C:\Users\megan\AppData\Roaming\Python\Python313\site-packages\tornado\websocket.py", line 1113, in wrapper
    await fut
tornado.iostream.StreamClosedError: Stream is closed

During handling of the above exception, another exception occurred:

Traceback (most recent call last):
  File "C:\Users\megan\AppData\Roaming\Python\Python313\site-packages\tornado\websocket.py", line 1115, in wrapper
    raise WebSocketClosedError()
tornado.websocket.WebSocketClosedError
2025-12-07 11:51:30,542 - asyncio - ERROR - Task exception was never retrieved
future: <Task finished name='Task-194' coro=<WebSocketProtocol13.write_message.<locals>.wrapper() done, defined at C:\Users\megan\AppData\Roaming\Python\Python313\site-packages\tornado\websocket.py:1111> exception=WebSocketClosedError()>
Traceback (most recent call last):
  File "C:\Users\megan\AppData\Roaming\Python\Python313\site-packages\tornado\websocket.py", line 1113, in wrapper
    await fut
tornado.iostream.StreamClosedError: Stream is closed

During handling of the above exception, another exception occurred:

Traceback (most recent call last):
  File "C:\Users\megan\AppData\Roaming\Python\Python313\site-packages\tornado\websocket.py", line 1115, in wrapper
    raise WebSocketClosedError()
tornado.websocket.WebSocketClosedError
2025-12-07 11:51:30,542 - asyncio - ERROR - Task exception was never retrieved
future: <Task finished name='Task-195' coro=<WebSocketProtocol13.write_message.<locals>.wrapper() done, defined at C:\Users\megan\AppData\Roaming\Python\Python313\site-packages\tornado\websocket.py:1111> exception=WebSocketClosedError()>
Traceback (most recent call last):
  File "C:\Users\megan\AppData\Roaming\Python\Python313\site-packages\tornado\websocket.py", line 1113, in wrapper
    await fut
tornado.iostream.StreamClosedError: Stream is closed

During handling of the above exception, another exception occurred:

Traceback (most recent call last):
  File "C:\Users\megan\AppData\Roaming\Python\Python313\site-packages\tornado\websocket.py", line 1115, in wrapper
    raise WebSocketClosedError()
tornado.websocket.WebSocketClosedError
2025-12-07 11:51:30,543 - asyncio - ERROR - Task exception was never retrieved
future: <Task finished name='Task-198' coro=<WebSocketProtocol13.write_message.<locals>.wrapper() done, defined at C:\Users\megan\AppData\Roaming\Python\Python313\site-packages\tornado\websocket.py:1111> exception=WebSocketClosedError()>
Traceback (most recent call last):
  File "C:\Users\megan\AppData\Roaming\Python\Python313\site-packages\tornado\websocket.py", line 1113, in wrapper
    await fut
tornado.iostream.StreamClosedError: Stream is closed

During handling of the above exception, another exception occurred:

Traceback (most recent call last):
  File "C:\Users\megan\AppData\Roaming\Python\Python313\site-packages\tornado\websocket.py", line 1115, in wrapper
    raise WebSocketClosedError()
tornado.websocket.WebSocketClosedError
2025-12-07 11:51:30,543 - asyncio - ERROR - Task exception was never retrieved
future: <Task finished name='Task-199' coro=<WebSocketProtocol13.write_message.<locals>.wrapper() done, defined at C:\Users\megan\AppData\Roaming\Python\Python313\site-packages\tornado\websocket.py:1111> exception=WebSocketClosedError()>
Traceback (most recent call last):
  File "C:\Users\megan\AppData\Roaming\Python\Python313\site-packages\tornado\websocket.py", line 1113, in wrapper
    await fut
tornado.iostream.StreamClosedError: Stream is closed

During handling of the above exception, another exception occurred:

Traceback (most recent call last):
  File "C:\Users\megan\AppData\Roaming\Python\Python313\site-packages\tornado\websocket.py", line 1115, in wrapper
    raise WebSocketClosedError()
tornado.websocket.WebSocketClosedError
2025-12-07 11:51:30,544 - asyncio - ERROR - Task exception was never retrieved
future: <Task finished name='Task-200' coro=<WebSocketProtocol13.write_message.<locals>.wrapper() done, defined at C:\Users\megan\AppData\Roaming\Python\Python313\site-packages\tornado\websocket.py:1111> exception=WebSocketClosedError()>
Traceback (most recent call last):
  File "C:\Users\megan\AppData\Roaming\Python\Python313\site-packages\tornado\websocket.py", line 1113, in wrapper
    await fut
tornado.iostream.StreamClosedError: Stream is closed

During handling of the above exception, another exception occurred:

Traceback (most recent call last):
  File "C:\Users\megan\AppData\Roaming\Python\Python313\site-packages\tornado\websocket.py", line 1115, in wrapper
    raise WebSocketClosedError()
tornado.websocket.WebSocketClosedError
2025-12-07 11:51:30,545 - asyncio - ERROR - Task exception was never retrieved
future: <Task finished name='Task-201' coro=<WebSocketProtocol13.write_message.<locals>.wrapper() done, defined at C:\Users\megan\AppData\Roaming\Python\Python313\site-packages\tornado\websocket.py:1111> exception=WebSocketClosedError()>
Traceback (most recent call last):
  File "C:\Users\megan\AppData\Roaming\Python\Python313\site-packages\tornado\websocket.py", line 1113, in wrapper
    await fut
tornado.iostream.StreamClosedError: Stream is closed

During handling of the above exception, another exception occurred:

Traceback (most recent call last):
  File "C:\Users\megan\AppData\Roaming\Python\Python313\site-packages\tornado\websocket.py", line 1115, in wrapper
    raise WebSocketClosedError()
tornado.websocket.WebSocketClosedError
2025-12-07 11:51:30,545 - asyncio - ERROR - Task exception was never retrieved
future: <Task finished name='Task-220' coro=<WebSocketProtocol13.write_message.<locals>.wrapper() done, defined at C:\Users\megan\AppData\Roaming\Python\Python313\site-packages\tornado\websocket.py:1111> exception=WebSocketClosedError()>
Traceback (most recent call last):
  File "C:\Users\megan\AppData\Roaming\Python\Python313\site-packages\tornado\websocket.py", line 1113, in wrapper
    await fut
tornado.iostream.StreamClosedError: Stream is closed

During handling of the above exception, another exception occurred:

Traceback (most recent call last):
  File "C:\Users\megan\AppData\Roaming\Python\Python313\site-packages\tornado\websocket.py", line 1115, in wrapper
    raise WebSocketClosedError()
tornado.websocket.WebSocketClosedError
2025-12-07 11:51:30,546 - asyncio - ERROR - Task exception was never retrieved
future: <Task finished name='Task-221' coro=<WebSocketProtocol13.write_message.<locals>.wrapper() done, defined at C:\Users\megan\AppData\Roaming\Python\Python313\site-packages\tornado\websocket.py:1111> exception=WebSocketClosedError()>
Traceback (most recent call last):
  File "C:\Users\megan\AppData\Roaming\Python\Python313\site-packages\tornado\websocket.py", line 1113, in wrapper
    await fut
tornado.iostream.StreamClosedError: Stream is closed

During handling of the above exception, another exception occurred:

Traceback (most recent call last):
  File "C:\Users\megan\AppData\Roaming\Python\Python313\site-packages\tornado\websocket.py", line 1115, in wrapper
    raise WebSocketClosedError()
tornado.websocket.WebSocketClosedError
2025-12-07 11:51:30,547 - asyncio - ERROR - Task exception was never retrieved
future: <Task finished name='Task-222' coro=<WebSocketProtocol13.write_message.<locals>.wrapper() done, defined at C:\Users\megan\AppData\Roaming\Python\Python313\site-packages\tornado\websocket.py:1111> exception=WebSocketClosedError()>
Traceback (most recent call last):
  File "C:\Users\megan\AppData\Roaming\Python\Python313\site-packages\tornado\websocket.py", line 1113, in wrapper
    await fut
tornado.iostream.StreamClosedError: Stream is closed

During handling of the above exception, another exception occurred:

Traceback (most recent call last):
  File "C:\Users\megan\AppData\Roaming\Python\Python313\site-packages\tornado\websocket.py", line 1115, in wrapper
    raise WebSocketClosedError()
tornado.websocket.WebSocketClosedError
2025-12-07 11:51:30,548 - asyncio - ERROR - Task exception was never retrieved
future: <Task finished name='Task-223' coro=<WebSocketProtocol13.write_message.<locals>.wrapper() done, defined at C:\Users\megan\AppData\Roaming\Python\Python313\site-packages\tornado\websocket.py:1111> exception=WebSocketClosedError()>
Traceback (most recent call last):
  File "C:\Users\megan\AppData\Roaming\Python\Python313\site-packages\tornado\websocket.py", line 1113, in wrapper
    await fut
tornado.iostream.StreamClosedError: Stream is closed

During handling of the above exception, another exception occurred:

Traceback (most recent call last):
  File "C:\Users\megan\AppData\Roaming\Python\Python313\site-packages\tornado\websocket.py", line 1115, in wrapper
    raise WebSocketClosedError()
tornado.websocket.WebSocketClosedError
2025-12-07 11:51:30,548 - asyncio - ERROR - Task exception was never retrieved
future: <Task finished name='Task-224' coro=<WebSocketProtocol13.write_message.<locals>.wrapper() done, defined at C:\Users\megan\AppData\Roaming\Python\Python313\site-packages\tornado\websocket.py:1111> exception=WebSocketClosedError()>
Traceback (most recent call last):
  File "C:\Users\megan\AppData\Roaming\Python\Python313\site-packages\tornado\websocket.py", line 1113, in wrapper
    await fut
tornado.iostream.StreamClosedError: Stream is closed

During handling of the above exception, another exception occurred:

Traceback (most recent call last):
  File "C:\Users\megan\AppData\Roaming\Python\Python313\site-packages\tornado\websocket.py", line 1115, in wrapper
    raise WebSocketClosedError()
tornado.websocket.WebSocketClosedError
2025-12-07 11:51:30,549 - asyncio - ERROR - Task exception was never retrieved
future: <Task finished name='Task-225' coro=<WebSocketProtocol13.write_message.<locals>.wrapper() done, defined at C:\Users\megan\AppData\Roaming\Python\Python313\site-packages\tornado\websocket.py:1111> exception=WebSocketClosedError()>
Traceback (most recent call last):
  File "C:\Users\megan\AppData\Roaming\Python\Python313\site-packages\tornado\websocket.py", line 1113, in wrapper
    await fut
tornado.iostream.StreamClosedError: Stream is closed

During handling of the above exception, another exception occurred:

Traceback (most recent call last):
  File "C:\Users\megan\AppData\Roaming\Python\Python313\site-packages\tornado\websocket.py", line 1115, in wrapper
    raise WebSocketClosedError()
tornado.websocket.WebSocketClosedError
2025-12-07 11:51:30,550 - asyncio - ERROR - Task exception was never retrieved
future: <Task finished name='Task-226' coro=<WebSocketProtocol13.write_message.<locals>.wrapper() done, defined at C:\Users\megan\AppData\Roaming\Python\Python313\site-packages\tornado\websocket.py:1111> exception=WebSocketClosedError()>
Traceback (most recent call last):
  File "C:\Users\megan\AppData\Roaming\Python\Python313\site-packages\tornado\websocket.py", line 1113, in wrapper
    await fut
tornado.iostream.StreamClosedError: Stream is closed

During handling of the above exception, another exception occurred:

Traceback (most recent call last):
  File "C:\Users\megan\AppData\Roaming\Python\Python313\site-packages\tornado\websocket.py", line 1115, in wrapper
    raise WebSocketClosedError()
tornado.websocket.WebSocketClosedError
2025-12-07 12:00:34,999 - asyncio - ERROR - Task exception was never retrieved
future: <Task finished name='Task-95' coro=<WebSocketProtocol13.write_message.<locals>.wrapper() done, defined at C:\Users\megan\AppData\Roaming\Python\Python313\site-packages\tornado\websocket.py:1111> exception=WebSocketClosedError()>
Traceback (most recent call last):
  File "C:\Users\megan\AppData\Roaming\Python\Python313\site-packages\tornado\websocket.py", line 1113, in wrapper
    await fut
tornado.iostream.StreamClosedError: Stream is closed

During handling of the above exception, another exception occurred:

Traceback (most recent call last):
  File "C:\Users\megan\AppData\Roaming\Python\Python313\site-packages\tornado\websocket.py", line 1115, in wrapper
    raise WebSocketClosedError()
tornado.websocket.WebSocketClosedError
2025-12-07 12:00:35,001 - asyncio - ERROR - Task exception was never retrieved
future: <Task finished name='Task-96' coro=<WebSocketProtocol13.write_message.<locals>.wrapper() done, defined at C:\Users\megan\AppData\Roaming\Python\Python313\site-packages\tornado\websocket.py:1111> exception=WebSocketClosedError()>
Traceback (most recent call last):
  File "C:\Users\megan\AppData\Roaming\Python\Python313\site-packages\tornado\websocket.py", line 1113, in wrapper
    await fut
tornado.iostream.StreamClosedError: Stream is closed

During handling of the above exception, another exception occurred:

Traceback (most recent call last):
  File "C:\Users\megan\AppData\Roaming\Python\Python313\site-packages\tornado\websocket.py", line 1115, in wrapper
    raise WebSocketClosedError()
tornado.websocket.WebSocketClosedError
2025-12-07 12:00:35,001 - asyncio - ERROR - Task exception was never retrieved
future: <Task finished name='Task-99' coro=<WebSocketProtocol13.write_message.<locals>.wrapper() done, defined at C:\Users\megan\AppData\Roaming\Python\Python313\site-packages\tornado\websocket.py:1111> exception=WebSocketClosedError()>
Traceback (most recent call last):
  File "C:\Users\megan\AppData\Roaming\Python\Python313\site-packages\tornado\websocket.py", line 1113, in wrapper
    await fut
tornado.iostream.StreamClosedError: Stream is closed

During handling of the above exception, another exception occurred:

Traceback (most recent call last):
  File "C:\Users\megan\AppData\Roaming\Python\Python313\site-packages\tornado\websocket.py", line 1115, in wrapper
    raise WebSocketClosedError()
tornado.websocket.WebSocketClosedError
2025-12-07 12:00:35,002 - asyncio - ERROR - Task exception was never retrieved
future: <Task finished name='Task-100' coro=<WebSocketProtocol13.write_message.<locals>.wrapper() done, defined at C:\Users\megan\AppData\Roaming\Python\Python313\site-packages\tornado\websocket.py:1111> exception=WebSocketClosedError()>
Traceback (most recent call last):
  File "C:\Users\megan\AppData\Roaming\Python\Python313\site-packages\tornado\websocket.py", line 1113, in wrapper
    await fut
tornado.iostream.StreamClosedError: Stream is closed

During handling of the above exception, another exception occurred:

Traceback (most recent call last):
  File "C:\Users\megan\AppData\Roaming\Python\Python313\site-packages\tornado\websocket.py", line 1115, in wrapper
    raise WebSocketClosedError()
tornado.websocket.WebSocketClosedError
2025-12-07 12:00:35,002 - asyncio - ERROR - Task exception was never retrieved
future: <Task finished name='Task-103' coro=<WebSocketProtocol13.write_message.<locals>.wrapper() done, defined at C:\Users\megan\AppData\Roaming\Python\Python313\site-packages\tornado\websocket.py:1111> exception=WebSocketClosedError()>
Traceback (most recent call last):
  File "C:\Users\megan\AppData\Roaming\Python\Python313\site-packages\tornado\websocket.py", line 1113, in wrapper
    await fut
tornado.iostream.StreamClosedError: Stream is closed

During handling of the above exception, another exception occurred:

Traceback (most recent call last):
  File "C:\Users\megan\AppData\Roaming\Python\Python313\site-packages\tornado\websocket.py", line 1115, in wrapper
    raise WebSocketClosedError()
tornado.websocket.WebSocketClosedError
2025-12-07 12:00:35,003 - asyncio - ERROR - Task exception was never retrieved
future: <Task finished name='Task-104' coro=<WebSocketProtocol13.write_message.<locals>.wrapper() done, defined at C:\Users\megan\AppData\Roaming\Python\Python313\site-packages\tornado\websocket.py:1111> exception=WebSocketClosedError()>
Traceback (most recent call last):
  File "C:\Users\megan\AppData\Roaming\Python\Python313\site-packages\tornado\websocket.py", line 1113, in wrapper
    await fut
tornado.iostream.StreamClosedError: Stream is closed

During handling of the above exception, another exception occurred:

Traceback (most recent call last):
  File "C:\Users\megan\AppData\Roaming\Python\Python313\site-packages\tornado\websocket.py", line 1115, in wrapper
    raise WebSocketClosedError()
tornado.websocket.WebSocketClosedError
2025-12-07 12:00:35,004 - asyncio - ERROR - Task exception was never retrieved
future: <Task finished name='Task-107' coro=<WebSocketProtocol13.write_message.<locals>.wrapper() done, defined at C:\Users\megan\AppData\Roaming\Python\Python313\site-packages\tornado\websocket.py:1111> exception=WebSocketClosedError()>
Traceback (most recent call last):
  File "C:\Users\megan\AppData\Roaming\Python\Python313\site-packages\tornado\websocket.py", line 1113, in wrapper
    await fut
tornado.iostream.StreamClosedError: Stream is closed

During handling of the above exception, another exception occurred:

Traceback (most recent call last):
  File "C:\Users\megan\AppData\Roaming\Python\Python313\site-packages\tornado\websocket.py", line 1115, in wrapper
    raise WebSocketClosedError()
tornado.websocket.WebSocketClosedError
2025-12-07 12:00:35,004 - asyncio - ERROR - Task exception was never retrieved
future: <Task finished name='Task-108' coro=<WebSocketProtocol13.write_message.<locals>.wrapper() done, defined at C:\Users\megan\AppData\Roaming\Python\Python313\site-packages\tornado\websocket.py:1111> exception=WebSocketClosedError()>
Traceback (most recent call last):
  File "C:\Users\megan\AppData\Roaming\Python\Python313\site-packages\tornado\websocket.py", line 1113, in wrapper
    await fut
tornado.iostream.StreamClosedError: Stream is closed

During handling of the above exception, another exception occurred:

Traceback (most recent call last):
  File "C:\Users\megan\AppData\Roaming\Python\Python313\site-packages\tornado\websocket.py", line 1115, in wrapper
    raise WebSocketClosedError()
tornado.websocket.WebSocketClosedError
2025-12-07 12:00:35,005 - asyncio - ERROR - Task exception was never retrieved
future: <Task finished name='Task-111' coro=<WebSocketProtocol13.write_message.<locals>.wrapper() done, defined at C:\Users\megan\AppData\Roaming\Python\Python313\site-packages\tornado\websocket.py:1111> exception=WebSocketClosedError()>
Traceback (most recent call last):
  File "C:\Users\megan\AppData\Roaming\Python\Python313\site-packages\tornado\websocket.py", line 1113, in wrapper
    await fut
tornado.iostream.StreamClosedError: Stream is closed

During handling of the above exception, another exception occurred:

Traceback (most recent call last):
  File "C:\Users\megan\AppData\Roaming\Python\Python313\site-packages\tornado\websocket.py", line 1115, in wrapper
    raise WebSocketClosedError()
tornado.websocket.WebSocketClosedError
2025-12-07 12:00:35,006 - asyncio - ERROR - Task exception was never retrieved
future: <Task finished name='Task-112' coro=<WebSocketProtocol13.write_message.<locals>.wrapper() done, defined at C:\Users\megan\AppData\Roaming\Python\Python313\site-packages\tornado\websocket.py:1111> exception=WebSocketClosedError()>
Traceback (most recent call last):
  File "C:\Users\megan\AppData\Roaming\Python\Python313\site-packages\tornado\websocket.py", line 1113, in wrapper
    await fut
tornado.iostream.StreamClosedError: Stream is closed

During handling of the above exception, another exception occurred:

Traceback (most recent call last):
  File "C:\Users\megan\AppData\Roaming\Python\Python313\site-packages\tornado\websocket.py", line 1115, in wrapper
    raise WebSocketClosedError()
tornado.websocket.WebSocketClosedError
2025-12-07 12:00:35,007 - asyncio - ERROR - Task exception was never retrieved
future: <Task finished name='Task-115' coro=<WebSocketProtocol13.write_message.<locals>.wrapper() done, defined at C:\Users\megan\AppData\Roaming\Python\Python313\site-packages\tornado\websocket.py:1111> exception=WebSocketClosedError()>
Traceback (most recent call last):
  File "C:\Users\megan\AppData\Roaming\Python\Python313\site-packages\tornado\websocket.py", line 1113, in wrapper
    await fut
tornado.iostream.StreamClosedError: Stream is closed

During handling of the above exception, another exception occurred:

Traceback (most recent call last):
  File "C:\Users\megan\AppData\Roaming\Python\Python313\site-packages\tornado\websocket.py", line 1115, in wrapper
    raise WebSocketClosedError()
tornado.websocket.WebSocketClosedError
2025-12-07 12:00:35,007 - asyncio - ERROR - Task exception was never retrieved
future: <Task finished name='Task-116' coro=<WebSocketProtocol13.write_message.<locals>.wrapper() done, defined at C:\Users\megan\AppData\Roaming\Python\Python313\site-packages\tornado\websocket.py:1111> exception=WebSocketClosedError()>
Traceback (most recent call last):
  File "C:\Users\megan\AppData\Roaming\Python\Python313\site-packages\tornado\websocket.py", line 1113, in wrapper
    await fut
tornado.iostream.StreamClosedError: Stream is closed

During handling of the above exception, another exception occurred:

Traceback (most recent call last):
  File "C:\Users\megan\AppData\Roaming\Python\Python313\site-packages\tornado\websocket.py", line 1115, in wrapper
    raise WebSocketClosedError()
tornado.websocket.WebSocketClosedError
2025-12-07 12:00:35,008 - asyncio - ERROR - Task exception was never retrieved
future: <Task finished name='Task-119' coro=<WebSocketProtocol13.write_message.<locals>.wrapper() done, defined at C:\Users\megan\AppData\Roaming\Python\Python313\site-packages\tornado\websocket.py:1111> exception=WebSocketClosedError()>
Traceback (most recent call last):
  File "C:\Users\megan\AppData\Roaming\Python\Python313\site-packages\tornado\websocket.py", line 1113, in wrapper
    await fut
tornado.iostream.StreamClosedError: Stream is closed

During handling of the above exception, another exception occurred:

Traceback (most recent call last):
  File "C:\Users\megan\AppData\Roaming\Python\Python313\site-packages\tornado\websocket.py", line 1115, in wrapper
    raise WebSocketClosedError()
tornado.websocket.WebSocketClosedError
2025-12-07 12:00:35,009 - asyncio - ERROR - Task exception was never retrieved
future: <Task finished name='Task-120' coro=<WebSocketProtocol13.write_message.<locals>.wrapper() done, defined at C:\Users\megan\AppData\Roaming\Python\Python313\site-packages\tornado\websocket.py:1111> exception=WebSocketClosedError()>
Traceback (most recent call last):
  File "C:\Users\megan\AppData\Roaming\Python\Python313\site-packages\tornado\websocket.py", line 1113, in wrapper
    await fut
tornado.iostream.StreamClosedError: Stream is closed

During handling of the above exception, another exception occurred:

Traceback (most recent call last):
  File "C:\Users\megan\AppData\Roaming\Python\Python313\site-packages\tornado\websocket.py", line 1115, in wrapper
    raise WebSocketClosedError()
tornado.websocket.WebSocketClosedError
2025-12-07 12:00:35,010 - asyncio - ERROR - Task exception was never retrieved
future: <Task finished name='Task-121' coro=<WebSocketProtocol13.write_message.<locals>.wrapper() done, defined at C:\Users\megan\AppData\Roaming\Python\Python313\site-packages\tornado\websocket.py:1111> exception=WebSocketClosedError()>
Traceback (most recent call last):
  File "C:\Users\megan\AppData\Roaming\Python\Python313\site-packages\tornado\websocket.py", line 1113, in wrapper
    await fut
tornado.iostream.StreamClosedError: Stream is closed

During handling of the above exception, another exception occurred:

Traceback (most recent call last):
  File "C:\Users\megan\AppData\Roaming\Python\Python313\site-packages\tornado\websocket.py", line 1115, in wrapper
    raise WebSocketClosedError()
tornado.websocket.WebSocketClosedError
2025-12-07 12:00:35,010 - asyncio - ERROR - Task exception was never retrieved
future: <Task finished name='Task-122' coro=<WebSocketProtocol13.write_message.<locals>.wrapper() done, defined at C:\Users\megan\AppData\Roaming\Python\Python313\site-packages\tornado\websocket.py:1111> exception=WebSocketClosedError()>
Traceback (most recent call last):
  File "C:\Users\megan\AppData\Roaming\Python\Python313\site-packages\tornado\websocket.py", line 1113, in wrapper
    await fut
tornado.iostream.StreamClosedError: Stream is closed

During handling of the above exception, another exception occurred:

Traceback (most recent call last):
  File "C:\Users\megan\AppData\Roaming\Python\Python313\site-packages\tornado\websocket.py", line 1115, in wrapper
    raise WebSocketClosedError()
tornado.websocket.WebSocketClosedError
2025-12-07 12:00:35,011 - asyncio - ERROR - Task exception was never retrieved
future: <Task finished name='Task-141' coro=<WebSocketProtocol13.write_message.<locals>.wrapper() done, defined at C:\Users\megan\AppData\Roaming\Python\Python313\site-packages\tornado\websocket.py:1111> exception=WebSocketClosedError()>
Traceback (most recent call last):
  File "C:\Users\megan\AppData\Roaming\Python\Python313\site-packages\tornado\websocket.py", line 1113, in wrapper
    await fut
tornado.iostream.StreamClosedError: Stream is closed

During handling of the above exception, another exception occurred:

Traceback (most recent call last):
  File "C:\Users\megan\AppData\Roaming\Python\Python313\site-packages\tornado\websocket.py", line 1115, in wrapper
    raise WebSocketClosedError()
tornado.websocket.WebSocketClosedError
2025-12-07 12:00:35,011 - asyncio - ERROR - Task exception was never retrieved
future: <Task finished name='Task-142' coro=<WebSocketProtocol13.write_message.<locals>.wrapper() done, defined at C:\Users\megan\AppData\Roaming\Python\Python313\site-packages\tornado\websocket.py:1111> exception=WebSocketClosedError()>
Traceback (most recent call last):
  File "C:\Users\megan\AppData\Roaming\Python\Python313\site-packages\tornado\websocket.py", line 1113, in wrapper
    await fut
tornado.iostream.StreamClosedError: Stream is closed

During handling of the above exception, another exception occurred:

Traceback (most recent call last):
  File "C:\Users\megan\AppData\Roaming\Python\Python313\site-packages\tornado\websocket.py", line 1115, in wrapper
    raise WebSocketClosedError()
tornado.websocket.WebSocketClosedError
2025-12-07 12:00:35,012 - asyncio - ERROR - Task exception was never retrieved
future: <Task finished name='Task-143' coro=<WebSocketProtocol13.write_message.<locals>.wrapper() done, defined at C:\Users\megan\AppData\Roaming\Python\Python313\site-packages\tornado\websocket.py:1111> exception=WebSocketClosedError()>
Traceback (most recent call last):
  File "C:\Users\megan\AppData\Roaming\Python\Python313\site-packages\tornado\websocket.py", line 1113, in wrapper
    await fut
tornado.iostream.StreamClosedError: Stream is closed

During handling of the above exception, another exception occurred:

Traceback (most recent call last):
  File "C:\Users\megan\AppData\Roaming\Python\Python313\site-packages\tornado\websocket.py", line 1115, in wrapper
    raise WebSocketClosedError()
tornado.websocket.WebSocketClosedError
2025-12-07 12:00:35,013 - asyncio - ERROR - Task exception was never retrieved
future: <Task finished name='Task-144' coro=<WebSocketProtocol13.write_message.<locals>.wrapper() done, defined at C:\Users\megan\AppData\Roaming\Python\Python313\site-packages\tornado\websocket.py:1111> exception=WebSocketClosedError()>
Traceback (most recent call last):
  File "C:\Users\megan\AppData\Roaming\Python\Python313\site-packages\tornado\websocket.py", line 1113, in wrapper
    await fut
tornado.iostream.StreamClosedError: Stream is closed

During handling of the above exception, another exception occurred:

Traceback (most recent call last):
  File "C:\Users\megan\AppData\Roaming\Python\Python313\site-packages\tornado\websocket.py", line 1115, in wrapper
    raise WebSocketClosedError()
tornado.websocket.WebSocketClosedError
2025-12-07 12:00:35,013 - asyncio - ERROR - Task exception was never retrieved
future: <Task finished name='Task-145' coro=<WebSocketProtocol13.write_message.<locals>.wrapper() done, defined at C:\Users\megan\AppData\Roaming\Python\Python313\site-packages\tornado\websocket.py:1111> exception=WebSocketClosedError()>
Traceback (most recent call last):
  File "C:\Users\megan\AppData\Roaming\Python\Python313\site-packages\tornado\websocket.py", line 1113, in wrapper
    await fut
tornado.iostream.StreamClosedError: Stream is closed

During handling of the above exception, another exception occurred:

Traceback (most recent call last):
  File "C:\Users\megan\AppData\Roaming\Python\Python313\site-packages\tornado\websocket.py", line 1115, in wrapper
    raise WebSocketClosedError()
tornado.websocket.WebSocketClosedError
2025-12-07 12:00:35,014 - asyncio - ERROR - Task exception was never retrieved
future: <Task finished name='Task-146' coro=<WebSocketProtocol13.write_message.<locals>.wrapper() done, defined at C:\Users\megan\AppData\Roaming\Python\Python313\site-packages\tornado\websocket.py:1111> exception=WebSocketClosedError()>
Traceback (most recent call last):
  File "C:\Users\megan\AppData\Roaming\Python\Python313\site-packages\tornado\websocket.py", line 1113, in wrapper
    await fut
tornado.iostream.StreamClosedError: Stream is closed

During handling of the above exception, another exception occurred:

Traceback (most recent call last):
  File "C:\Users\megan\AppData\Roaming\Python\Python313\site-packages\tornado\websocket.py", line 1115, in wrapper
    raise WebSocketClosedError()
tornado.websocket.WebSocketClosedError
2025-12-07 12:00:35,015 - asyncio - ERROR - Task exception was never retrieved
future: <Task finished name='Task-147' coro=<WebSocketProtocol13.write_message.<locals>.wrapper() done, defined at C:\Users\megan\AppData\Roaming\Python\Python313\site-packages\tornado\websocket.py:1111> exception=WebSocketClosedError()>
Traceback (most recent call last):
  File "C:\Users\megan\AppData\Roaming\Python\Python313\site-packages\tornado\websocket.py", line 1113, in wrapper
    await fut
tornado.iostream.StreamClosedError: Stream is closed

During handling of the above exception, another exception occurred:

Traceback (most recent call last):
  File "C:\Users\megan\AppData\Roaming\Python\Python313\site-packages\tornado\websocket.py", line 1115, in wrapper
    raise WebSocketClosedError()
tornado.websocket.WebSocketClosedError
2025-12-07 12:08:37,737 - asyncio - ERROR - Task exception was never retrieved
future: <Task finished name='Task-107' coro=<WebSocketProtocol13.write_message.<locals>.wrapper() done, defined at C:\Users\megan\AppData\Roaming\Python\Python313\site-packages\tornado\websocket.py:1111> exception=WebSocketClosedError()>
Traceback (most recent call last):
  File "C:\Users\megan\AppData\Roaming\Python\Python313\site-packages\tornado\websocket.py", line 1113, in wrapper
    await fut
tornado.iostream.StreamClosedError: Stream is closed

During handling of the above exception, another exception occurred:

Traceback (most recent call last):
  File "C:\Users\megan\AppData\Roaming\Python\Python313\site-packages\tornado\websocket.py", line 1115, in wrapper
    raise WebSocketClosedError()
tornado.websocket.WebSocketClosedError
2025-12-07 12:08:37,752 - asyncio - ERROR - Task exception was never retrieved
future: <Task finished name='Task-108' coro=<WebSocketProtocol13.write_message.<locals>.wrapper() done, defined at C:\Users\megan\AppData\Roaming\Python\Python313\site-packages\tornado\websocket.py:1111> exception=WebSocketClosedError()>
Traceback (most recent call last):
  File "C:\Users\megan\AppData\Roaming\Python\Python313\site-packages\tornado\websocket.py", line 1113, in wrapper
    await fut
tornado.iostream.StreamClosedError: Stream is closed

During handling of the above exception, another exception occurred:

Traceback (most recent call last):
  File "C:\Users\megan\AppData\Roaming\Python\Python313\site-packages\tornado\websocket.py", line 1115, in wrapper
    raise WebSocketClosedError()
tornado.websocket.WebSocketClosedError
2025-12-07 12:08:37,752 - asyncio - ERROR - Task exception was never retrieved
future: <Task finished name='Task-111' coro=<WebSocketProtocol13.write_message.<locals>.wrapper() done, defined at C:\Users\megan\AppData\Roaming\Python\Python313\site-packages\tornado\websocket.py:1111> exception=WebSocketClosedError()>
Traceback (most recent call last):
  File "C:\Users\megan\AppData\Roaming\Python\Python313\site-packages\tornado\websocket.py", line 1113, in wrapper
    await fut
tornado.iostream.StreamClosedError: Stream is closed

During handling of the above exception, another exception occurred:

Traceback (most recent call last):
  File "C:\Users\megan\AppData\Roaming\Python\Python313\site-packages\tornado\websocket.py", line 1115, in wrapper
    raise WebSocketClosedError()
tornado.websocket.WebSocketClosedError
2025-12-07 12:08:37,753 - asyncio - ERROR - Task exception was never retrieved
future: <Task finished name='Task-112' coro=<WebSocketProtocol13.write_message.<locals>.wrapper() done, defined at C:\Users\megan\AppData\Roaming\Python\Python313\site-packages\tornado\websocket.py:1111> exception=WebSocketClosedError()>
Traceback (most recent call last):
  File "C:\Users\megan\AppData\Roaming\Python\Python313\site-packages\tornado\websocket.py", line 1113, in wrapper
    await fut
tornado.iostream.StreamClosedError: Stream is closed

During handling of the above exception, another exception occurred:

Traceback (most recent call last):
  File "C:\Users\megan\AppData\Roaming\Python\Python313\site-packages\tornado\websocket.py", line 1115, in wrapper
    raise WebSocketClosedError()
tornado.websocket.WebSocketClosedError
2025-12-07 12:08:37,754 - asyncio - ERROR - Task exception was never retrieved
future: <Task finished name='Task-115' coro=<WebSocketProtocol13.write_message.<locals>.wrapper() done, defined at C:\Users\megan\AppData\Roaming\Python\Python313\site-packages\tornado\websocket.py:1111> exception=WebSocketClosedError()>
Traceback (most recent call last):
  File "C:\Users\megan\AppData\Roaming\Python\Python313\site-packages\tornado\websocket.py", line 1113, in wrapper
    await fut
tornado.iostream.StreamClosedError: Stream is closed

During handling of the above exception, another exception occurred:

Traceback (most recent call last):
  File "C:\Users\megan\AppData\Roaming\Python\Python313\site-packages\tornado\websocket.py", line 1115, in wrapper
    raise WebSocketClosedError()
tornado.websocket.WebSocketClosedError
2025-12-07 12:08:37,754 - asyncio - ERROR - Task exception was never retrieved
future: <Task finished name='Task-116' coro=<WebSocketProtocol13.write_message.<locals>.wrapper() done, defined at C:\Users\megan\AppData\Roaming\Python\Python313\site-packages\tornado\websocket.py:1111> exception=WebSocketClosedError()>
Traceback (most recent call last):
  File "C:\Users\megan\AppData\Roaming\Python\Python313\site-packages\tornado\websocket.py", line 1113, in wrapper
    await fut
tornado.iostream.StreamClosedError: Stream is closed

During handling of the above exception, another exception occurred:

Traceback (most recent call last):
  File "C:\Users\megan\AppData\Roaming\Python\Python313\site-packages\tornado\websocket.py", line 1115, in wrapper
    raise WebSocketClosedError()
tornado.websocket.WebSocketClosedError
2025-12-07 12:08:37,755 - asyncio - ERROR - Task exception was never retrieved
future: <Task finished name='Task-119' coro=<WebSocketProtocol13.write_message.<locals>.wrapper() done, defined at C:\Users\megan\AppData\Roaming\Python\Python313\site-packages\tornado\websocket.py:1111> exception=WebSocketClosedError()>
Traceback (most recent call last):
  File "C:\Users\megan\AppData\Roaming\Python\Python313\site-packages\tornado\websocket.py", line 1113, in wrapper
    await fut
tornado.iostream.StreamClosedError: Stream is closed

During handling of the above exception, another exception occurred:

Traceback (most recent call last):
  File "C:\Users\megan\AppData\Roaming\Python\Python313\site-packages\tornado\websocket.py", line 1115, in wrapper
    raise WebSocketClosedError()
tornado.websocket.WebSocketClosedError
2025-12-07 12:08:37,755 - asyncio - ERROR - Task exception was never retrieved
future: <Task finished name='Task-120' coro=<WebSocketProtocol13.write_message.<locals>.wrapper() done, defined at C:\Users\megan\AppData\Roaming\Python\Python313\site-packages\tornado\websocket.py:1111> exception=WebSocketClosedError()>
Traceback (most recent call last):
  File "C:\Users\megan\AppData\Roaming\Python\Python313\site-packages\tornado\websocket.py", line 1113, in wrapper
    await fut
tornado.iostream.StreamClosedError: Stream is closed

During handling of the above exception, another exception occurred:

Traceback (most recent call last):
  File "C:\Users\megan\AppData\Roaming\Python\Python313\site-packages\tornado\websocket.py", line 1115, in wrapper
    raise WebSocketClosedError()
tornado.websocket.WebSocketClosedError
2025-12-07 12:08:37,756 - asyncio - ERROR - Task exception was never retrieved
future: <Task finished name='Task-123' coro=<WebSocketProtocol13.write_message.<locals>.wrapper() done, defined at C:\Users\megan\AppData\Roaming\Python\Python313\site-packages\tornado\websocket.py:1111> exception=WebSocketClosedError()>
Traceback (most recent call last):
  File "C:\Users\megan\AppData\Roaming\Python\Python313\site-packages\tornado\websocket.py", line 1113, in wrapper
    await fut
tornado.iostream.StreamClosedError: Stream is closed

During handling of the above exception, another exception occurred:

Traceback (most recent call last):
  File "C:\Users\megan\AppData\Roaming\Python\Python313\site-packages\tornado\websocket.py", line 1115, in wrapper
    raise WebSocketClosedError()
tornado.websocket.WebSocketClosedError
2025-12-07 12:08:37,756 - asyncio - ERROR - Task exception was never retrieved
future: <Task finished name='Task-124' coro=<WebSocketProtocol13.write_message.<locals>.wrapper() done, defined at C:\Users\megan\AppData\Roaming\Python\Python313\site-packages\tornado\websocket.py:1111> exception=WebSocketClosedError()>
Traceback (most recent call last):
  File "C:\Users\megan\AppData\Roaming\Python\Python313\site-packages\tornado\websocket.py", line 1113, in wrapper
    await fut
tornado.iostream.StreamClosedError: Stream is closed

During handling of the above exception, another exception occurred:

Traceback (most recent call last):
  File "C:\Users\megan\AppData\Roaming\Python\Python313\site-packages\tornado\websocket.py", line 1115, in wrapper
    raise WebSocketClosedError()
tornado.websocket.WebSocketClosedError
2025-12-07 12:08:37,757 - asyncio - ERROR - Task exception was never retrieved
future: <Task finished name='Task-125' coro=<WebSocketProtocol13.write_message.<locals>.wrapper() done, defined at C:\Users\megan\AppData\Roaming\Python\Python313\site-packages\tornado\websocket.py:1111> exception=WebSocketClosedError()>
Traceback (most recent call last):
  File "C:\Users\megan\AppData\Roaming\Python\Python313\site-packages\tornado\websocket.py", line 1113, in wrapper
    await fut
tornado.iostream.StreamClosedError: Stream is closed

During handling of the above exception, another exception occurred:

Traceback (most recent call last):
  File "C:\Users\megan\AppData\Roaming\Python\Python313\site-packages\tornado\websocket.py", line 1115, in wrapper
    raise WebSocketClosedError()
tornado.websocket.WebSocketClosedError
2025-12-07 12:08:37,757 - asyncio - ERROR - Task exception was never retrieved
future: <Task finished name='Task-126' coro=<WebSocketProtocol13.write_message.<locals>.wrapper() done, defined at C:\Users\megan\AppData\Roaming\Python\Python313\site-packages\tornado\websocket.py:1111> exception=WebSocketClosedError()>
Traceback (most recent call last):
  File "C:\Users\megan\AppData\Roaming\Python\Python313\site-packages\tornado\websocket.py", line 1113, in wrapper
    await fut
tornado.iostream.StreamClosedError: Stream is closed

During handling of the above exception, another exception occurred:

Traceback (most recent call last):
  File "C:\Users\megan\AppData\Roaming\Python\Python313\site-packages\tornado\websocket.py", line 1115, in wrapper
    raise WebSocketClosedError()
tornado.websocket.WebSocketClosedError
2025-12-07 12:08:37,758 - asyncio - ERROR - Task exception was never retrieved
future: <Task finished name='Task-129' coro=<WebSocketProtocol13.write_message.<locals>.wrapper() done, defined at C:\Users\megan\AppData\Roaming\Python\Python313\site-packages\tornado\websocket.py:1111> exception=WebSocketClosedError()>
Traceback (most recent call last):
  File "C:\Users\megan\AppData\Roaming\Python\Python313\site-packages\tornado\websocket.py", line 1113, in wrapper
    await fut
tornado.iostream.StreamClosedError: Stream is closed

During handling of the above exception, another exception occurred:

Traceback (most recent call last):
  File "C:\Users\megan\AppData\Roaming\Python\Python313\site-packages\tornado\websocket.py", line 1115, in wrapper
    raise WebSocketClosedError()
tornado.websocket.WebSocketClosedError
2025-12-07 12:08:37,759 - asyncio - ERROR - Task exception was never retrieved
future: <Task finished name='Task-130' coro=<WebSocketProtocol13.write_message.<locals>.wrapper() done, defined at C:\Users\megan\AppData\Roaming\Python\Python313\site-packages\tornado\websocket.py:1111> exception=WebSocketClosedError()>
Traceback (most recent call last):
  File "C:\Users\megan\AppData\Roaming\Python\Python313\site-packages\tornado\websocket.py", line 1113, in wrapper
    await fut
tornado.iostream.StreamClosedError: Stream is closed

During handling of the above exception, another exception occurred:

Traceback (most recent call last):
  File "C:\Users\megan\AppData\Roaming\Python\Python313\site-packages\tornado\websocket.py", line 1115, in wrapper
    raise WebSocketClosedError()
tornado.websocket.WebSocketClosedError
2025-12-07 12:08:37,760 - asyncio - ERROR - Task exception was never retrieved
future: <Task finished name='Task-131' coro=<WebSocketProtocol13.write_message.<locals>.wrapper() done, defined at C:\Users\megan\AppData\Roaming\Python\Python313\site-packages\tornado\websocket.py:1111> exception=WebSocketClosedError()>
Traceback (most recent call last):
  File "C:\Users\megan\AppData\Roaming\Python\Python313\site-packages\tornado\websocket.py", line 1113, in wrapper
    await fut
tornado.iostream.StreamClosedError: Stream is closed

During handling of the above exception, another exception occurred:

Traceback (most recent call last):
  File "C:\Users\megan\AppData\Roaming\Python\Python313\site-packages\tornado\websocket.py", line 1115, in wrapper
    raise WebSocketClosedError()
tornado.websocket.WebSocketClosedError
2025-12-07 12:08:37,760 - asyncio - ERROR - Task exception was never retrieved
future: <Task finished name='Task-132' coro=<WebSocketProtocol13.write_message.<locals>.wrapper() done, defined at C:\Users\megan\AppData\Roaming\Python\Python313\site-packages\tornado\websocket.py:1111> exception=WebSocketClosedError()>
Traceback (most recent call last):
  File "C:\Users\megan\AppData\Roaming\Python\Python313\site-packages\tornado\websocket.py", line 1113, in wrapper
    await fut
tornado.iostream.StreamClosedError: Stream is closed

During handling of the above exception, another exception occurred:

Traceback (most recent call last):
  File "C:\Users\megan\AppData\Roaming\Python\Python313\site-packages\tornado\websocket.py", line 1115, in wrapper
    raise WebSocketClosedError()
tornado.websocket.WebSocketClosedError
2025-12-07 12:08:37,761 - asyncio - ERROR - Task exception was never retrieved
future: <Task finished name='Task-151' coro=<WebSocketProtocol13.write_message.<locals>.wrapper() done, defined at C:\Users\megan\AppData\Roaming\Python\Python313\site-packages\tornado\websocket.py:1111> exception=WebSocketClosedError()>
Traceback (most recent call last):
  File "C:\Users\megan\AppData\Roaming\Python\Python313\site-packages\tornado\websocket.py", line 1113, in wrapper
    await fut
tornado.iostream.StreamClosedError: Stream is closed

During handling of the above exception, another exception occurred:

Traceback (most recent call last):
  File "C:\Users\megan\AppData\Roaming\Python\Python313\site-packages\tornado\websocket.py", line 1115, in wrapper
    raise WebSocketClosedError()
tornado.websocket.WebSocketClosedError
2025-12-07 12:08:37,762 - asyncio - ERROR - Task exception was never retrieved
future: <Task finished name='Task-152' coro=<WebSocketProtocol13.write_message.<locals>.wrapper() done, defined at C:\Users\megan\AppData\Roaming\Python\Python313\site-packages\tornado\websocket.py:1111> exception=WebSocketClosedError()>
Traceback (most recent call last):
  File "C:\Users\megan\AppData\Roaming\Python\Python313\site-packages\tornado\websocket.py", line 1113, in wrapper
    await fut
tornado.iostream.StreamClosedError: Stream is closed

During handling of the above exception, another exception occurred:

Traceback (most recent call last):
  File "C:\Users\megan\AppData\Roaming\Python\Python313\site-packages\tornado\websocket.py", line 1115, in wrapper
    raise WebSocketClosedError()
tornado.websocket.WebSocketClosedError
2025-12-07 12:08:37,762 - asyncio - ERROR - Task exception was never retrieved
future: <Task finished name='Task-153' coro=<WebSocketProtocol13.write_message.<locals>.wrapper() done, defined at C:\Users\megan\AppData\Roaming\Python\Python313\site-packages\tornado\websocket.py:1111> exception=WebSocketClosedError()>
Traceback (most recent call last):
  File "C:\Users\megan\AppData\Roaming\Python\Python313\site-packages\tornado\websocket.py", line 1113, in wrapper
    await fut
tornado.iostream.StreamClosedError: Stream is closed

During handling of the above exception, another exception occurred:

Traceback (most recent call last):
  File "C:\Users\megan\AppData\Roaming\Python\Python313\site-packages\tornado\websocket.py", line 1115, in wrapper
    raise WebSocketClosedError()
tornado.websocket.WebSocketClosedError
2025-12-07 12:08:37,763 - asyncio - ERROR - Task exception was never retrieved
future: <Task finished name='Task-154' coro=<WebSocketProtocol13.write_message.<locals>.wrapper() done, defined at C:\Users\megan\AppData\Roaming\Python\Python313\site-packages\tornado\websocket.py:1111> exception=WebSocketClosedError()>
Traceback (most recent call last):
  File "C:\Users\megan\AppData\Roaming\Python\Python313\site-packages\tornado\websocket.py", line 1113, in wrapper
    await fut
tornado.iostream.StreamClosedError: Stream is closed

During handling of the above exception, another exception occurred:

Traceback (most recent call last):
  File "C:\Users\megan\AppData\Roaming\Python\Python313\site-packages\tornado\websocket.py", line 1115, in wrapper
    raise WebSocketClosedError()
tornado.websocket.WebSocketClosedError
2025-12-07 12:08:37,763 - asyncio - ERROR - Task exception was never retrieved
future: <Task finished name='Task-155' coro=<WebSocketProtocol13.write_message.<locals>.wrapper() done, defined at C:\Users\megan\AppData\Roaming\Python\Python313\site-packages\tornado\websocket.py:1111> exception=WebSocketClosedError()>
Traceback (most recent call last):
  File "C:\Users\megan\AppData\Roaming\Python\Python313\site-packages\tornado\websocket.py", line 1113, in wrapper
    await fut
tornado.iostream.StreamClosedError: Stream is closed

During handling of the above exception, another exception occurred:

Traceback (most recent call last):
  File "C:\Users\megan\AppData\Roaming\Python\Python313\site-packages\tornado\websocket.py", line 1115, in wrapper
    raise WebSocketClosedError()
tornado.websocket.WebSocketClosedError
2025-12-07 12:08:37,764 - asyncio - ERROR - Task exception was never retrieved
future: <Task finished name='Task-156' coro=<WebSocketProtocol13.write_message.<locals>.wrapper() done, defined at C:\Users\megan\AppData\Roaming\Python\Python313\site-packages\tornado\websocket.py:1111> exception=WebSocketClosedError()>
Traceback (most recent call last):
  File "C:\Users\megan\AppData\Roaming\Python\Python313\site-packages\tornado\websocket.py", line 1113, in wrapper
    await fut
tornado.iostream.StreamClosedError: Stream is closed

During handling of the above exception, another exception occurred:

Traceback (most recent call last):
  File "C:\Users\megan\AppData\Roaming\Python\Python313\site-packages\tornado\websocket.py", line 1115, in wrapper
    raise WebSocketClosedError()
tornado.websocket.WebSocketClosedError
2025-12-07 12:08:37,765 - asyncio - ERROR - Task exception was never retrieved
future: <Task finished name='Task-157' coro=<WebSocketProtocol13.write_message.<locals>.wrapper() done, defined at C:\Users\megan\AppData\Roaming\Python\Python313\site-packages\tornado\websocket.py:1111> exception=WebSocketClosedError()>
Traceback (most recent call last):
  File "C:\Users\megan\AppData\Roaming\Python\Python313\site-packages\tornado\websocket.py", line 1113, in wrapper
    await fut
tornado.iostream.StreamClosedError: Stream is closed

During handling of the above exception, another exception occurred:

Traceback (most recent call last):
  File "C:\Users\megan\AppData\Roaming\Python\Python313\site-packages\tornado\websocket.py", line 1115, in wrapper
    raise WebSocketClosedError()
tornado.websocket.WebSocketClosedError
2025-12-07 13:02:56,570 - data_transformation - INFO - Validating merged data quality...
2025-12-07 13:02:56,570 - data_transformation - INFO - Running schema validation...
2025-12-07 13:02:56,570 - data_transformation - INFO - Checking for null values...
2025-12-07 13:02:56,689 - data_transformation - INFO - Checking for duplicates (full row)...
2025-12-07 13:02:56,972 - data_transformation - INFO - Date range: 2023-01-07 00:00:00 to 2024-12-31 00:00:00
2025-12-07 13:02:56,993 - data_transformation - INFO - ridership: 5810 potential outliers detected
2025-12-07 13:02:57,001 - data_transformation - INFO - transfers: 5221 potential outliers detected
2025-12-07 13:02:57,006 - data_transformation - INFO - temperature_mean: 11480 potential outliers detected
2025-12-07 13:02:57,012 - data_transformation - INFO - precipitation: 5740 potential outliers detected
2025-12-07 13:02:57,018 - data_transformation - INFO - windspeed: 11480 potential outliers detected
2025-12-07 13:02:57,023 - data_transformation - INFO - temperature_f: 11480 potential outliers detected
2025-12-07 13:02:57,028 - data_transformation - INFO - precipitation_in: 5740 potential outliers detected
2025-12-07 13:02:57,034 - data_transformation - INFO - windspeed_mph: 11480 potential outliers detected
2025-12-07 13:02:57,055 - data_transformation - INFO - day_of_week: 3040 potential outliers detected
2025-12-07 13:02:57,070 - data_transformation - INFO - is_weekend: 3040 potential outliers detected
2025-12-07 13:02:57,075 - data_transformation - INFO - is_weekday: 3040 potential outliers detected
2025-12-07 13:02:57,091 - data_transformation - INFO - weather_impact_score: 11480 potential outliers detected
2025-12-07 13:02:57,097 - data_transformation - INFO - ridership_7day_avg: 5892 potential outliers detected
2025-12-07 13:02:57,104 - data_transformation - INFO - ridership_30day_avg: 5999 potential outliers detected
2025-12-07 13:02:57,104 - data_transformation - INFO - Quality validation complete: 100.00% data retained
2025-12-07 13:02:57,104 - data_transformation - INFO - Status: PASSED
2025-12-07 13:03:59,904 - data_transformation - INFO - Validating merged data quality...
2025-12-07 13:03:59,905 - data_transformation - INFO - Running schema validation...
2025-12-07 13:03:59,905 - data_transformation - INFO - Checking for null values...
2025-12-07 13:04:00,025 - data_transformation - INFO - Checking for duplicates (full row)...
2025-12-07 13:04:00,302 - data_transformation - INFO - Date range: 2023-01-07 00:00:00 to 2024-12-31 00:00:00
2025-12-07 13:04:00,322 - data_transformation - INFO - ridership: 5810 potential outliers detected
2025-12-07 13:04:00,329 - data_transformation - INFO - transfers: 5221 potential outliers detected
2025-12-07 13:04:00,336 - data_transformation - INFO - temperature_mean: 11480 potential outliers detected
2025-12-07 13:04:00,341 - data_transformation - INFO - precipitation: 5740 potential outliers detected
2025-12-07 13:04:00,346 - data_transformation - INFO - windspeed: 11480 potential outliers detected
2025-12-07 13:04:00,351 - data_transformation - INFO - temperature_f: 11480 potential outliers detected
2025-12-07 13:04:00,357 - data_transformation - INFO - precipitation_in: 5740 potential outliers detected
2025-12-07 13:04:00,362 - data_transformation - INFO - windspeed_mph: 11480 potential outliers detected
2025-12-07 13:04:00,383 - data_transformation - INFO - day_of_week: 3040 potential outliers detected
2025-12-07 13:04:00,397 - data_transformation - INFO - is_weekend: 3040 potential outliers detected
2025-12-07 13:04:00,404 - data_transformation - INFO - is_weekday: 3040 potential outliers detected
2025-12-07 13:04:00,420 - data_transformation - INFO - weather_impact_score: 11480 potential outliers detected
2025-12-07 13:04:00,426 - data_transformation - INFO - ridership_7day_avg: 5892 potential outliers detected
2025-12-07 13:04:00,433 - data_transformation - INFO - ridership_30day_avg: 5999 potential outliers detected
2025-12-07 13:04:00,433 - data_transformation - INFO - Quality validation complete: 100.00% data retained
2025-12-07 13:04:00,433 - data_transformation - INFO - Status: PASSED
2025-12-07 13:05:11,346 - data_transformation - INFO - Validating merged data quality...
2025-12-07 13:05:11,347 - data_transformation - INFO - Running schema validation...
2025-12-07 13:05:11,347 - data_transformation - INFO - Checking for null values...
2025-12-07 13:05:11,475 - data_transformation - INFO - Checking for duplicates (full row)...
2025-12-07 13:05:11,752 - data_transformation - INFO - Date range: 2023-01-07 00:00:00 to 2024-12-31 00:00:00
2025-12-07 13:05:11,773 - data_transformation - INFO - ridership: 5810 potential outliers detected
2025-12-07 13:05:11,780 - data_transformation - INFO - transfers: 5221 potential outliers detected
2025-12-07 13:05:11,785 - data_transformation - INFO - temperature_mean: 11480 potential outliers detected
2025-12-07 13:05:11,789 - data_transformation - INFO - precipitation: 5740 potential outliers detected
2025-12-07 13:05:11,795 - data_transformation - INFO - windspeed: 11480 potential outliers detected
2025-12-07 13:05:11,800 - data_transformation - INFO - temperature_f: 11480 potential outliers detected
2025-12-07 13:05:11,806 - data_transformation - INFO - precipitation_in: 5740 potential outliers detected
2025-12-07 13:05:11,812 - data_transformation - INFO - windspeed_mph: 11480 potential outliers detected
2025-12-07 13:05:11,833 - data_transformation - INFO - day_of_week: 3040 potential outliers detected
2025-12-07 13:05:11,846 - data_transformation - INFO - is_weekend: 3040 potential outliers detected
2025-12-07 13:05:11,852 - data_transformation - INFO - is_weekday: 3040 potential outliers detected
2025-12-07 13:05:11,866 - data_transformation - INFO - weather_impact_score: 11480 potential outliers detected
2025-12-07 13:05:11,873 - data_transformation - INFO - ridership_7day_avg: 5892 potential outliers detected
2025-12-07 13:05:11,879 - data_transformation - INFO - ridership_30day_avg: 5999 potential outliers detected
2025-12-07 13:05:11,879 - data_transformation - INFO - Quality validation complete: 100.00% data retained
2025-12-07 13:05:11,879 - data_transformation - INFO - Status: PASSED
